<?xml version="1.0" encoding="UTF-8"?>
<testng-results skipped="0" failed="0" ignored="0" total="1" passed="1">
  <reporter-output>
  </reporter-output>
  <suite name="Default suite" duration-ms="198" started-at="2019-06-15T06:02:07Z" finished-at="2019-06-15T06:02:07Z">
    <groups>
    </groups>
    <test name="Default test" duration-ms="198" started-at="2019-06-15T06:02:07Z" finished-at="2019-06-15T06:02:07Z">
      <class name="com.test.application.ApplicationTests">
        <test-method status="PASS" signature="contextLoads()[pri:0, instance:com.test.application.ApplicationTests@610694f1]" name="contextLoads" duration-ms="44" started-at="2019-06-15T06:02:07Z" finished-at="2019-06-15T06:02:07Z">
          <reporter-output>
          </reporter-output>
        </test-method> <!-- contextLoads -->
      </class> <!-- com.test.application.ApplicationTests -->
    </test> <!-- Default test -->
  </suite> <!-- Default suite -->
</testng-results>
